C:\Users\User\source\repos\invoice-admin-web\ClientApp\jest.config.js
C:\Users\User\source\repos\invoice-admin-web\ClientApp\jest.config.js.map
C:\Users\User\source\repos\invoice-admin-web\ClientApp\src\access.js
C:\Users\User\source\repos\invoice-admin-web\ClientApp\src\access.js.map
C:\Users\User\source\repos\invoice-admin-web\ClientApp\src\.umi\core\helmetContext.js
C:\Users\User\source\repos\invoice-admin-web\ClientApp\src\.umi\core\helmetContext.js.map
C:\Users\User\source\repos\invoice-admin-web\ClientApp\src\.umi\core\helmet.js
C:\Users\User\source\repos\invoice-admin-web\ClientApp\src\.umi\core\helmet.js.map
C:\Users\User\source\repos\invoice-admin-web\ClientApp\src\.umi\core\plugin.js
C:\Users\User\source\repos\invoice-admin-web\ClientApp\src\.umi\core\plugin.js.map
C:\Users\User\source\repos\invoice-admin-web\ClientApp\src\.umi\core\history.js
C:\Users\User\source\repos\invoice-admin-web\ClientApp\src\.umi\core\history.js.map
C:\Users\User\source\repos\invoice-admin-web\ClientApp\src\.umi\core\EmptyRoute.jsx
C:\Users\User\source\repos\invoice-admin-web\ClientApp\src\.umi\core\EmptyRoute.jsx.map
C:\Users\User\source\repos\invoice-admin-web\ClientApp\src\components\Footer\index.jsx
C:\Users\User\source\repos\invoice-admin-web\ClientApp\src\components\Footer\index.jsx.map
C:\Users\User\source\repos\invoice-admin-web\ClientApp\src\components\RightContent\index.jsx
C:\Users\User\source\repos\invoice-admin-web\ClientApp\src\components\RightContent\index.jsx.map
C:\Users\User\source\repos\invoice-admin-web\ClientApp\src\services\ant-design-pro\api.js
C:\Users\User\source\repos\invoice-admin-web\ClientApp\src\services\ant-design-pro\api.js.map
C:\Users\User\source\repos\invoice-admin-web\ClientApp\src\components\HeaderDropdown\index.jsx
C:\Users\User\source\repos\invoice-admin-web\ClientApp\src\components\HeaderDropdown\index.jsx.map
C:\Users\User\source\repos\invoice-admin-web\ClientApp\src\components\RightContent\AvatarDropdown.jsx
C:\Users\User\source\repos\invoice-admin-web\ClientApp\src\components\RightContent\AvatarDropdown.jsx.map
C:\Users\User\source\repos\invoice-admin-web\ClientApp\src\components\index.js
C:\Users\User\source\repos\invoice-admin-web\ClientApp\src\components\index.js.map
C:\Users\User\source\repos\invoice-admin-web\ClientApp\src\services\ant-design-pro\login.js
C:\Users\User\source\repos\invoice-admin-web\ClientApp\src\services\ant-design-pro\login.js.map
C:\Users\User\source\repos\invoice-admin-web\ClientApp\config\defaultSettings.js
C:\Users\User\source\repos\invoice-admin-web\ClientApp\config\defaultSettings.js.map
C:\Users\User\source\repos\invoice-admin-web\ClientApp\src\pages\User\Login\index.jsx
C:\Users\User\source\repos\invoice-admin-web\ClientApp\src\pages\User\Login\index.jsx.map
C:\Users\User\source\repos\invoice-admin-web\ClientApp\src\pages\Welcome.jsx
C:\Users\User\source\repos\invoice-admin-web\ClientApp\src\pages\Welcome.jsx.map
C:\Users\User\source\repos\invoice-admin-web\ClientApp\src\pages\Admin.jsx
C:\Users\User\source\repos\invoice-admin-web\ClientApp\src\pages\Admin.jsx.map
C:\Users\User\source\repos\invoice-admin-web\ClientApp\src\pages\TableList\components\UpdateForm.jsx
C:\Users\User\source\repos\invoice-admin-web\ClientApp\src\pages\TableList\components\UpdateForm.jsx.map
C:\Users\User\source\repos\invoice-admin-web\ClientApp\src\pages\TableList\index.jsx
C:\Users\User\source\repos\invoice-admin-web\ClientApp\src\pages\TableList\index.jsx.map
C:\Users\User\source\repos\invoice-admin-web\ClientApp\src\pages\404.jsx
C:\Users\User\source\repos\invoice-admin-web\ClientApp\src\pages\404.jsx.map
C:\Users\User\source\repos\invoice-admin-web\ClientApp\src\.umi\core\route.jsx
C:\Users\User\source\repos\invoice-admin-web\ClientApp\src\.umi\core\route.jsx.map
C:\Users\User\source\repos\invoice-admin-web\ClientApp\src\.umi\testBrowser.jsx
C:\Users\User\source\repos\invoice-admin-web\ClientApp\src\.umi\testBrowser.jsx.map
C:\Users\User\source\repos\invoice-admin-web\ClientApp\config\proxy.js
C:\Users\User\source\repos\invoice-admin-web\ClientApp\config\proxy.js.map
C:\Users\User\source\repos\invoice-admin-web\ClientApp\config\routes.js
C:\Users\User\source\repos\invoice-admin-web\ClientApp\config\routes.js.map
C:\Users\User\source\repos\invoice-admin-web\ClientApp\config\config.js
C:\Users\User\source\repos\invoice-admin-web\ClientApp\config\config.js.map
C:\Users\User\source\repos\invoice-admin-web\ClientApp\mock\listTableList.js
C:\Users\User\source\repos\invoice-admin-web\ClientApp\mock\listTableList.js.map
C:\Users\User\source\repos\invoice-admin-web\ClientApp\mock\notices.js
C:\Users\User\source\repos\invoice-admin-web\ClientApp\mock\notices.js.map
C:\Users\User\source\repos\invoice-admin-web\ClientApp\mock\route.js
C:\Users\User\source\repos\invoice-admin-web\ClientApp\mock\route.js.map
C:\Users\User\source\repos\invoice-admin-web\ClientApp\mock\user.js
C:\Users\User\source\repos\invoice-admin-web\ClientApp\mock\user.js.map
C:\Users\User\source\repos\invoice-admin-web\ClientApp\src\requestErrorConfig.js
C:\Users\User\source\repos\invoice-admin-web\ClientApp\src\requestErrorConfig.js.map
C:\Users\User\source\repos\invoice-admin-web\ClientApp\src\locales\bn-BD\component.js
C:\Users\User\source\repos\invoice-admin-web\ClientApp\src\locales\bn-BD\component.js.map
C:\Users\User\source\repos\invoice-admin-web\ClientApp\src\locales\bn-BD\globalHeader.js
C:\Users\User\source\repos\invoice-admin-web\ClientApp\src\locales\bn-BD\globalHeader.js.map
C:\Users\User\source\repos\invoice-admin-web\ClientApp\src\locales\bn-BD\menu.js
C:\Users\User\source\repos\invoice-admin-web\ClientApp\src\locales\bn-BD\menu.js.map
C:\Users\User\source\repos\invoice-admin-web\ClientApp\src\locales\bn-BD\pages.js
C:\Users\User\source\repos\invoice-admin-web\ClientApp\src\locales\bn-BD\pages.js.map
C:\Users\User\source\repos\invoice-admin-web\ClientApp\src\locales\bn-BD\pwa.js
C:\Users\User\source\repos\invoice-admin-web\ClientApp\src\locales\bn-BD\pwa.js.map
C:\Users\User\source\repos\invoice-admin-web\ClientApp\src\locales\bn-BD\settingDrawer.js
C:\Users\User\source\repos\invoice-admin-web\ClientApp\src\locales\bn-BD\settingDrawer.js.map
C:\Users\User\source\repos\invoice-admin-web\ClientApp\src\locales\bn-BD\settings.js
C:\Users\User\source\repos\invoice-admin-web\ClientApp\src\locales\bn-BD\settings.js.map
C:\Users\User\source\repos\invoice-admin-web\ClientApp\src\locales\bn-BD.js
C:\Users\User\source\repos\invoice-admin-web\ClientApp\src\locales\bn-BD.js.map
C:\Users\User\source\repos\invoice-admin-web\ClientApp\src\locales\en-US\component.js
C:\Users\User\source\repos\invoice-admin-web\ClientApp\src\locales\en-US\component.js.map
C:\Users\User\source\repos\invoice-admin-web\ClientApp\src\locales\en-US\globalHeader.js
C:\Users\User\source\repos\invoice-admin-web\ClientApp\src\locales\en-US\globalHeader.js.map
C:\Users\User\source\repos\invoice-admin-web\ClientApp\src\locales\en-US\menu.js
C:\Users\User\source\repos\invoice-admin-web\ClientApp\src\locales\en-US\menu.js.map
C:\Users\User\source\repos\invoice-admin-web\ClientApp\src\locales\en-US\pages.js
C:\Users\User\source\repos\invoice-admin-web\ClientApp\src\locales\en-US\pages.js.map
C:\Users\User\source\repos\invoice-admin-web\ClientApp\src\locales\en-US\pwa.js
C:\Users\User\source\repos\invoice-admin-web\ClientApp\src\locales\en-US\pwa.js.map
C:\Users\User\source\repos\invoice-admin-web\ClientApp\src\locales\en-US\settingDrawer.js
C:\Users\User\source\repos\invoice-admin-web\ClientApp\src\locales\en-US\settingDrawer.js.map
C:\Users\User\source\repos\invoice-admin-web\ClientApp\src\locales\en-US\settings.js
C:\Users\User\source\repos\invoice-admin-web\ClientApp\src\locales\en-US\settings.js.map
C:\Users\User\source\repos\invoice-admin-web\ClientApp\src\locales\en-US.js
C:\Users\User\source\repos\invoice-admin-web\ClientApp\src\locales\en-US.js.map
C:\Users\User\source\repos\invoice-admin-web\ClientApp\src\locales\fa-IR\component.js
C:\Users\User\source\repos\invoice-admin-web\ClientApp\src\locales\fa-IR\component.js.map
C:\Users\User\source\repos\invoice-admin-web\ClientApp\src\locales\fa-IR\globalHeader.js
C:\Users\User\source\repos\invoice-admin-web\ClientApp\src\locales\fa-IR\globalHeader.js.map
C:\Users\User\source\repos\invoice-admin-web\ClientApp\src\locales\fa-IR\menu.js
C:\Users\User\source\repos\invoice-admin-web\ClientApp\src\locales\fa-IR\menu.js.map
C:\Users\User\source\repos\invoice-admin-web\ClientApp\src\locales\fa-IR\pages.js
C:\Users\User\source\repos\invoice-admin-web\ClientApp\src\locales\fa-IR\pages.js.map
C:\Users\User\source\repos\invoice-admin-web\ClientApp\src\locales\fa-IR\pwa.js
C:\Users\User\source\repos\invoice-admin-web\ClientApp\src\locales\fa-IR\pwa.js.map
C:\Users\User\source\repos\invoice-admin-web\ClientApp\src\locales\fa-IR\settingDrawer.js
C:\Users\User\source\repos\invoice-admin-web\ClientApp\src\locales\fa-IR\settingDrawer.js.map
C:\Users\User\source\repos\invoice-admin-web\ClientApp\src\locales\fa-IR\settings.js
C:\Users\User\source\repos\invoice-admin-web\ClientApp\src\locales\fa-IR\settings.js.map
C:\Users\User\source\repos\invoice-admin-web\ClientApp\src\locales\fa-IR.js
C:\Users\User\source\repos\invoice-admin-web\ClientApp\src\locales\fa-IR.js.map
C:\Users\User\source\repos\invoice-admin-web\ClientApp\src\locales\id-ID\component.js
C:\Users\User\source\repos\invoice-admin-web\ClientApp\src\locales\id-ID\component.js.map
C:\Users\User\source\repos\invoice-admin-web\ClientApp\src\locales\id-ID\globalHeader.js
C:\Users\User\source\repos\invoice-admin-web\ClientApp\src\locales\id-ID\globalHeader.js.map
C:\Users\User\source\repos\invoice-admin-web\ClientApp\src\locales\id-ID\menu.js
C:\Users\User\source\repos\invoice-admin-web\ClientApp\src\locales\id-ID\menu.js.map
C:\Users\User\source\repos\invoice-admin-web\ClientApp\src\locales\id-ID\pages.js
C:\Users\User\source\repos\invoice-admin-web\ClientApp\src\locales\id-ID\pages.js.map
C:\Users\User\source\repos\invoice-admin-web\ClientApp\src\locales\id-ID\pwa.js
C:\Users\User\source\repos\invoice-admin-web\ClientApp\src\locales\id-ID\pwa.js.map
C:\Users\User\source\repos\invoice-admin-web\ClientApp\src\locales\id-ID\settingDrawer.js
C:\Users\User\source\repos\invoice-admin-web\ClientApp\src\locales\id-ID\settingDrawer.js.map
C:\Users\User\source\repos\invoice-admin-web\ClientApp\src\locales\id-ID\settings.js
C:\Users\User\source\repos\invoice-admin-web\ClientApp\src\locales\id-ID\settings.js.map
C:\Users\User\source\repos\invoice-admin-web\ClientApp\src\locales\id-ID.js
C:\Users\User\source\repos\invoice-admin-web\ClientApp\src\locales\id-ID.js.map
C:\Users\User\source\repos\invoice-admin-web\ClientApp\src\locales\ja-JP\component.js
C:\Users\User\source\repos\invoice-admin-web\ClientApp\src\locales\ja-JP\component.js.map
C:\Users\User\source\repos\invoice-admin-web\ClientApp\src\locales\ja-JP\globalHeader.js
C:\Users\User\source\repos\invoice-admin-web\ClientApp\src\locales\ja-JP\globalHeader.js.map
C:\Users\User\source\repos\invoice-admin-web\ClientApp\src\locales\ja-JP\menu.js
C:\Users\User\source\repos\invoice-admin-web\ClientApp\src\locales\ja-JP\menu.js.map
C:\Users\User\source\repos\invoice-admin-web\ClientApp\src\locales\ja-JP\pages.js
C:\Users\User\source\repos\invoice-admin-web\ClientApp\src\locales\ja-JP\pages.js.map
C:\Users\User\source\repos\invoice-admin-web\ClientApp\src\locales\ja-JP\pwa.js
C:\Users\User\source\repos\invoice-admin-web\ClientApp\src\locales\ja-JP\pwa.js.map
C:\Users\User\source\repos\invoice-admin-web\ClientApp\src\locales\ja-JP\settingDrawer.js
C:\Users\User\source\repos\invoice-admin-web\ClientApp\src\locales\ja-JP\settingDrawer.js.map
C:\Users\User\source\repos\invoice-admin-web\ClientApp\src\locales\ja-JP\settings.js
C:\Users\User\source\repos\invoice-admin-web\ClientApp\src\locales\ja-JP\settings.js.map
C:\Users\User\source\repos\invoice-admin-web\ClientApp\src\locales\ja-JP.js
C:\Users\User\source\repos\invoice-admin-web\ClientApp\src\locales\ja-JP.js.map
C:\Users\User\source\repos\invoice-admin-web\ClientApp\src\locales\pt-BR\component.js
C:\Users\User\source\repos\invoice-admin-web\ClientApp\src\locales\pt-BR\component.js.map
C:\Users\User\source\repos\invoice-admin-web\ClientApp\src\locales\pt-BR\globalHeader.js
C:\Users\User\source\repos\invoice-admin-web\ClientApp\src\locales\pt-BR\globalHeader.js.map
C:\Users\User\source\repos\invoice-admin-web\ClientApp\src\locales\pt-BR\menu.js
C:\Users\User\source\repos\invoice-admin-web\ClientApp\src\locales\pt-BR\menu.js.map
C:\Users\User\source\repos\invoice-admin-web\ClientApp\src\locales\pt-BR\pages.js
C:\Users\User\source\repos\invoice-admin-web\ClientApp\src\locales\pt-BR\pages.js.map
C:\Users\User\source\repos\invoice-admin-web\ClientApp\src\locales\pt-BR\pwa.js
C:\Users\User\source\repos\invoice-admin-web\ClientApp\src\locales\pt-BR\pwa.js.map
C:\Users\User\source\repos\invoice-admin-web\ClientApp\src\locales\pt-BR\settingDrawer.js
C:\Users\User\source\repos\invoice-admin-web\ClientApp\src\locales\pt-BR\settingDrawer.js.map
C:\Users\User\source\repos\invoice-admin-web\ClientApp\src\locales\pt-BR\settings.js
C:\Users\User\source\repos\invoice-admin-web\ClientApp\src\locales\pt-BR\settings.js.map
C:\Users\User\source\repos\invoice-admin-web\ClientApp\src\locales\pt-BR.js
C:\Users\User\source\repos\invoice-admin-web\ClientApp\src\locales\pt-BR.js.map
C:\Users\User\source\repos\invoice-admin-web\ClientApp\src\locales\zh-CN\component.js
C:\Users\User\source\repos\invoice-admin-web\ClientApp\src\locales\zh-CN\component.js.map
C:\Users\User\source\repos\invoice-admin-web\ClientApp\src\locales\zh-CN\globalHeader.js
C:\Users\User\source\repos\invoice-admin-web\ClientApp\src\locales\zh-CN\globalHeader.js.map
C:\Users\User\source\repos\invoice-admin-web\ClientApp\src\locales\zh-CN\menu.js
C:\Users\User\source\repos\invoice-admin-web\ClientApp\src\locales\zh-CN\menu.js.map
C:\Users\User\source\repos\invoice-admin-web\ClientApp\src\locales\zh-CN\pages.js
C:\Users\User\source\repos\invoice-admin-web\ClientApp\src\locales\zh-CN\pages.js.map
C:\Users\User\source\repos\invoice-admin-web\ClientApp\src\locales\zh-CN\pwa.js
C:\Users\User\source\repos\invoice-admin-web\ClientApp\src\locales\zh-CN\pwa.js.map
C:\Users\User\source\repos\invoice-admin-web\ClientApp\src\locales\zh-CN\settingDrawer.js
C:\Users\User\source\repos\invoice-admin-web\ClientApp\src\locales\zh-CN\settingDrawer.js.map
C:\Users\User\source\repos\invoice-admin-web\ClientApp\src\locales\zh-CN\settings.js
C:\Users\User\source\repos\invoice-admin-web\ClientApp\src\locales\zh-CN\settings.js.map
C:\Users\User\source\repos\invoice-admin-web\ClientApp\src\locales\zh-CN.js
C:\Users\User\source\repos\invoice-admin-web\ClientApp\src\locales\zh-CN.js.map
C:\Users\User\source\repos\invoice-admin-web\ClientApp\src\locales\zh-TW\component.js
C:\Users\User\source\repos\invoice-admin-web\ClientApp\src\locales\zh-TW\component.js.map
C:\Users\User\source\repos\invoice-admin-web\ClientApp\src\locales\zh-TW\globalHeader.js
C:\Users\User\source\repos\invoice-admin-web\ClientApp\src\locales\zh-TW\globalHeader.js.map
C:\Users\User\source\repos\invoice-admin-web\ClientApp\src\locales\zh-TW\menu.js
C:\Users\User\source\repos\invoice-admin-web\ClientApp\src\locales\zh-TW\menu.js.map
C:\Users\User\source\repos\invoice-admin-web\ClientApp\src\locales\zh-TW\pages.js
C:\Users\User\source\repos\invoice-admin-web\ClientApp\src\locales\zh-TW\pages.js.map
C:\Users\User\source\repos\invoice-admin-web\ClientApp\src\locales\zh-TW\pwa.js
C:\Users\User\source\repos\invoice-admin-web\ClientApp\src\locales\zh-TW\pwa.js.map
C:\Users\User\source\repos\invoice-admin-web\ClientApp\src\locales\zh-TW\settingDrawer.js
C:\Users\User\source\repos\invoice-admin-web\ClientApp\src\locales\zh-TW\settingDrawer.js.map
C:\Users\User\source\repos\invoice-admin-web\ClientApp\src\locales\zh-TW\settings.js
C:\Users\User\source\repos\invoice-admin-web\ClientApp\src\locales\zh-TW\settings.js.map
C:\Users\User\source\repos\invoice-admin-web\ClientApp\src\locales\zh-TW.js
C:\Users\User\source\repos\invoice-admin-web\ClientApp\src\locales\zh-TW.js.map
C:\Users\User\source\repos\invoice-admin-web\ClientApp\src\services\ant-design-pro\index.js
C:\Users\User\source\repos\invoice-admin-web\ClientApp\src\services\ant-design-pro\index.js.map
C:\Users\User\source\repos\invoice-admin-web\ClientApp\src\services\swagger\pet.js
C:\Users\User\source\repos\invoice-admin-web\ClientApp\src\services\swagger\pet.js.map
C:\Users\User\source\repos\invoice-admin-web\ClientApp\src\services\swagger\store.js
C:\Users\User\source\repos\invoice-admin-web\ClientApp\src\services\swagger\store.js.map
C:\Users\User\source\repos\invoice-admin-web\ClientApp\src\services\swagger\user.js
C:\Users\User\source\repos\invoice-admin-web\ClientApp\src\services\swagger\user.js.map
C:\Users\User\source\repos\invoice-admin-web\ClientApp\src\services\swagger\index.js
C:\Users\User\source\repos\invoice-admin-web\ClientApp\src\services\swagger\index.js.map
C:\Users\User\source\repos\invoice-admin-web\ClientApp\src\app.jsx
C:\Users\User\source\repos\invoice-admin-web\ClientApp\src\app.jsx.map
C:\Users\User\source\repos\invoice-admin-web\ClientApp\src\global.jsx
C:\Users\User\source\repos\invoice-admin-web\ClientApp\src\global.jsx.map
C:\Users\User\source\repos\invoice-admin-web\ClientApp\src\pages\User\Login\login.test.jsx
C:\Users\User\source\repos\invoice-admin-web\ClientApp\src\pages\User\Login\login.test.jsx.map
